2020-10-14 14:19:53,197 Lane invasion
2020-10-14 14:19:53,197 Going from state [11, 0, 2] to state [3, 0, 2], action = warning, rewards = 30
2020-10-14 14:19:53,198 Δ = -20.512420974360648
2020-10-14 14:19:55,279 Going from state [3, 0, 2] to state [3, 0, 2], action = no warning, rewards = 0
2020-10-14 14:19:55,279 Δ = 1.631044876920048
2020-10-14 14:19:57,358 Going from state [3, 0, 2] to state [3, 0, 2], action = no warning, rewards = 0
2020-10-14 14:19:57,358 Δ = 1.4353194916896423
2020-10-14 14:19:59,434 Going from state [3, 0, 2] to state [3, 0, 2], action = no warning, rewards = 0
2020-10-14 14:19:59,434 Δ = 1.2630811526868853
2020-10-14 14:20:01,534 Going from state [3, 0, 2] to state [3, 0, 2], action = no warning, rewards = 0
2020-10-14 14:20:01,534 Δ = 1.1115114143644595
2020-10-14 14:20:03,621 Going from state [3, 0, 2] to state [3, 0, 2], action = no warning, rewards = -20
2020-10-14 14:20:03,622 Δ = -11.021869955359277
2020-10-14 14:20:05,713 Going from state [3, 0, 2] to state [3, 0, 2], action = no warning, rewards = -20
2020-10-14 14:20:05,714 Δ = -9.699245560716161
2020-10-14 14:20:07,809 Going from state [3, 0, 2] to state [4, 0, 2], action = no warning, rewards = -30
2020-10-14 14:20:07,810 Δ = -1.802038909309556
2020-10-14 14:20:09,910 Going from state [4, 0, 2] to state [4, 0, 2], action = no warning, rewards = 0
2020-10-14 14:20:09,910 Δ = 0.2813396105396098
2020-10-14 14:20:12,012 Going from state [4, 0, 2] to state [4, 0, 2], action = no warning, rewards = 0
2020-10-14 14:20:12,013 Δ = 0.2475788572748566
2020-10-14 14:20:14,111 Going from state [4, 0, 2] to state [4, 0, 2], action = no warning, rewards = 0
2020-10-14 14:20:14,111 Δ = 0.21786939440187386
2020-10-14 14:20:16,214 Going from state [4, 0, 2] to state [4, 0, 2], action = no warning, rewards = 0
2020-10-14 14:20:16,214 Δ = 0.191725067073649
2020-10-14 14:20:18,312 Going from state [4, 0, 2] to state [4, 0, 2], action = no warning, rewards = 0
2020-10-14 14:20:18,313 Δ = 0.1687180590248111
2020-10-14 14:20:20,415 Going from state [4, 0, 2] to state [4, 0, 2], action = warning, rewards = -15
2020-10-14 14:20:20,415 Δ = 8.08311549900099
2020-10-14 14:20:20,733 Going from state [4, 0, 2] to state [0, 0, 2], action = no warning, rewards = 30
2020-10-14 14:20:20,734 Δ = 18.742359459709167
2020-10-14 14:20:22,834 Going from state [0, 0, 2] to state [0, 0, 2], action = no warning, rewards = 0
2020-10-14 14:20:22,835 Δ = 7.6306778354123015
2020-10-14 14:20:24,937 Going from state [0, 0, 2] to state [0, 0, 2], action = no warning, rewards = 0
2020-10-14 14:20:24,937 Δ = 3.0522711341649207
2020-10-14 14:20:27,041 Going from state [0, 0, 2] to state [0, 0, 2], action = no warning, rewards = 0
2020-10-14 14:20:27,042 Δ = 1.2209084536659685
2020-10-14 14:20:29,139 Going from state [0, 0, 2] to state [0, 0, 2], action = no warning, rewards = 0
2020-10-14 14:20:29,140 Δ = 0.48836338146638747
2020-10-14 14:20:31,241 Going from state [0, 0, 2] to state [0, 0, 2], action = no warning, rewards = 0
2020-10-14 14:20:31,242 Δ = 0.19534535258655497
2020-10-14 14:20:33,343 Going from state [0, 0, 2] to state [1, 0, 2], action = no warning, rewards = -10
2020-10-14 14:20:33,344 Δ = -5.921861858965378
2020-10-14 14:20:35,444 Going from state [1, 0, 2] to state [1, 0, 2], action = no warning, rewards = -20
2020-10-14 14:20:35,445 Δ = -4.991985821046103
2020-10-14 14:20:37,546 Going from state [1, 0, 2] to state [1, 0, 2], action = no warning, rewards = 0
2020-10-14 14:20:37,546 Δ = 10.003205671581558
2020-10-14 14:20:39,649 Going from state [1, 0, 2] to state [1, 0, 2], action = no warning, rewards = 0
2020-10-14 14:20:39,649 Δ = 4.001282268632623
2020-10-14 14:20:41,749 Going from state [1, 0, 2] to state [1, 0, 2], action = no warning, rewards = -20
2020-10-14 14:20:41,750 Δ = -10.39948709254695
2020-10-14 14:20:43,851 Going from state [1, 0, 2] to state [1, 0, 2], action = no warning, rewards = -20
2020-10-14 14:20:43,851 Δ = -4.15979483701878
2020-10-14 14:20:45,953 Going from state [1, 0, 2] to state [1, 0, 2], action = no warning, rewards = 0
2020-10-14 14:20:45,954 Δ = 10.336082065192487
2020-10-14 14:20:48,055 Going from state [1, 0, 2] to state [1, 0, 2], action = no warning, rewards = -20
2020-10-14 14:20:48,055 Δ = -7.865567173923005
2020-10-14 14:20:50,156 Going from state [1, 0, 2] to state [2, 0, 2], action = no warning, rewards = -10
2020-10-14 14:20:50,157 Δ = 2.853773130430798
2020-10-14 14:20:52,257 Going from state [2, 0, 2] to state [2, 0, 2], action = no warning, rewards = 0
2020-10-14 14:20:52,258 Δ = 15.185850110992826
2020-10-14 14:20:54,360 Going from state [2, 0, 2] to state [2, 0, 2], action = no warning, rewards = 0
2020-10-14 14:20:54,360 Δ = 6.074340044397131
2020-10-14 14:20:56,461 Going from state [2, 0, 2] to state [2, 0, 2], action = no warning, rewards = -20
2020-10-14 14:20:56,461 Δ = -9.570263982241148
2020-10-14 14:20:58,562 Going from state [2, 0, 2] to state [3, 0, 2], action = no warning, rewards = -10
2020-10-14 14:20:58,563 Δ = -12.55173989564415
2020-10-14 14:21:00,664 Going from state [3, 0, 2] to state [3, 0, 2], action = no warning, rewards = -20
2020-10-14 14:21:00,665 Δ = -8.319091424313074
2020-10-14 14:21:02,765 Going from state [3, 0, 2] to state [4, 0, 2], action = no warning, rewards = -10
2020-10-14 14:21:02,766 Δ = 25.798442705915523
2020-10-14 14:21:04,867 Going from state [4, 0, 2] to state [4, 0, 2], action = no warning, rewards = 0
2020-10-14 14:21:04,868 Δ = -2.100611243223266
2020-10-14 14:21:06,968 Going from state [4, 0, 2] to state [4, 0, 2], action = no warning, rewards = -20
2020-10-14 14:21:06,969 Δ = -13.848537894036472
2020-10-14 14:21:09,069 Going from state [4, 0, 2] to state [5, 0, 2], action = no warning, rewards = -10
2020-10-14 14:21:09,070 Δ = 9.06289858781
2020-10-14 14:21:11,171 Going from state [5, 0, 2] to state [5, 0, 2], action = no warning, rewards = 0
2020-10-14 14:21:11,171 Δ = -3.9991163303926207
2020-10-14 14:21:13,272 Going from state [5, 0, 2] to state [6, 0, 2], action = no warning, rewards = -10
2020-10-14 14:21:13,273 Δ = -4.839301917060483
2020-10-14 14:21:15,374 Going from state [6, 0, 2] to state [6, 0, 2], action = warning, rewards = -15
2020-10-14 14:21:15,374 Δ = -13.689202484166763
2020-10-14 14:21:17,476 Going from state [6, 0, 2] to state [6, 0, 2], action = warning, rewards = -15
2020-10-14 14:21:17,476 Δ = -12.046498186066751
2020-10-14 14:21:19,639 Going from state [6, 0, 2] to state [7, 0, 2], action = warning, rewards = 35
2020-10-14 14:21:19,640 Δ = 49.868247714660036
2020-10-14 14:21:21,739 Going from state [7, 0, 2] to state [7, 0, 2], action = warning, rewards = 5
2020-10-14 14:21:21,739 Δ = -6.21820993333844
2020-10-14 14:21:23,841 Going from state [7, 0, 2] to state [7, 0, 2], action = warning, rewards = 5
2020-10-14 14:21:23,841 Δ = -5.472024741337822
2020-10-14 14:21:25,943 Going from state [7, 0, 2] to state [7, 0, 2], action = warning, rewards = 5
2020-10-14 14:21:25,943 Δ = -4.815381772377282
2020-10-14 14:21:28,044 Going from state [7, 0, 2] to state [7, 0, 2], action = warning, rewards = 5
2020-10-14 14:21:28,045 Δ = -4.237535959692009
2020-10-14 14:21:30,146 Going from state [7, 0, 2] to state [7, 0, 2], action = warning, rewards = 5
2020-10-14 14:21:30,147 Δ = -3.72903164452897
2020-10-14 14:21:32,247 Going from state [7, 0, 2] to state [8, 0, 2], action = warning, rewards = -5
2020-10-14 14:21:32,248 Δ = -24.703588231370336
2020-10-14 14:21:34,349 Going from state [8, 0, 2] to state [8, 0, 2], action = warning, rewards = 5
2020-10-14 14:21:34,350 Δ = 0.5739622488607168
2020-10-14 14:21:36,451 Going from state [8, 0, 2] to state [9, 0, 2], action = warning, rewards = -5
2020-10-14 14:21:36,452 Δ = 4.33843556370504
2020-10-14 14:21:38,552 Going from state [9, 0, 2] to state [9, 0, 2], action = warning, rewards = 5
2020-10-14 14:21:38,552 Δ = -1.9532504171794698
2020-10-14 14:21:40,654 Going from state [9, 0, 2] to state [10, 0, 2], action = warning, rewards = -5
2020-10-14 14:21:40,655 Δ = 1.69513390902965
2020-10-14 14:21:42,756 Going from state [10, 0, 2] to state [10, 0, 2], action = warning, rewards = 5
2020-10-14 14:21:42,757 Δ = -4.0723589361548305
2020-10-14 14:21:43,071 Going from state [10, 0, 2] to state [0, 0, 2], action = warning, rewards = 155
2020-10-14 14:21:43,071 Δ = 60.08162068091874
2020-10-14 14:21:45,170 Going from state [0, 0, 2] to state [0, 0, 2], action = no warning, rewards = 0
2020-10-14 14:21:45,171 Δ = 3.6312552564138483
2020-10-14 14:21:47,274 Going from state [0, 0, 2] to state [0, 0, 2], action = no warning, rewards = 0
2020-10-14 14:21:47,275 Δ = 1.4525021025655396
2020-10-14 14:21:49,376 Going from state [0, 0, 2] to state [0, 0, 2], action = no warning, rewards = 0
2020-10-14 14:21:49,377 Δ = 0.5810008410262159
2020-10-14 14:21:51,477 Going from state [0, 0, 2] to state [0, 0, 2], action = no warning, rewards = -20
2020-10-14 14:21:51,478 Δ = -11.767599663589513
2020-10-14 14:21:53,579 Going from state [0, 0, 2] to state [1, 0, 2], action = no warning, rewards = -30
2020-10-14 14:21:53,579 Δ = -10.707039865435807
2020-10-14 14:21:55,681 Going from state [1, 0, 2] to state [1, 0, 2], action = no warning, rewards = 0
2020-10-14 14:21:55,681 Δ = 7.141509252172319
2020-10-14 14:21:57,782 Going from state [1, 0, 2] to state [1, 0, 2], action = no warning, rewards = 0
2020-10-14 14:21:57,783 Δ = 2.8566037008689276
2020-10-14 14:21:59,884 Going from state [1, 0, 2] to state [1, 0, 2], action = no warning, rewards = 0
2020-10-14 14:21:59,885 Δ = 1.142641480347571
2020-10-14 14:22:01,986 Going from state [1, 0, 2] to state [1, 0, 2], action = no warning, rewards = 0
2020-10-14 14:22:01,987 Δ = 0.45705659213902844
2020-10-14 14:22:04,088 Going from state [1, 0, 2] to state [1, 0, 2], action = no warning, rewards = -20
2020-10-14 14:22:04,088 Δ = -11.817177363144388
2020-10-14 14:22:06,189 Going from state [1, 0, 2] to state [1, 0, 2], action = no warning, rewards = -20
2020-10-14 14:22:06,190 Δ = -4.7268709452577555
2020-10-14 14:22:08,291 Going from state [1, 0, 2] to state [1, 0, 2], action = no warning, rewards = 0
2020-10-14 14:22:08,292 Δ = 10.109251621896897
2020-10-14 14:22:10,393 Going from state [1, 0, 2] to state [1, 0, 2], action = no warning, rewards = -20
2020-10-14 14:22:10,393 Δ = -7.956299351241241
2020-10-14 14:22:12,579 Going from state [1, 0, 2] to state [2, 0, 2], action = no warning, rewards = -30
2020-10-14 14:22:12,580 Δ = -9.182519740496497
2020-10-14 14:22:14,867 Going from state [2, 0, 2] to state [2, 0, 2], action = no warning, rewards = 0
2020-10-14 14:22:14,868 Δ = 15.70293834449003
2020-10-14 14:22:17,156 Going from state [2, 0, 2] to state [2, 0, 2], action = no warning, rewards = 0
2020-10-14 14:22:17,157 Δ = 6.281175337796013
2020-10-14 14:22:19,443 Going from state [2, 0, 2] to state [2, 0, 2], action = no warning, rewards = 0
2020-10-14 14:22:19,444 Δ = 2.512470135118405
2020-10-14 14:22:21,674 Going from state [2, 0, 2] to state [2, 0, 2], action = no warning, rewards = 0
2020-10-14 14:22:21,675 Δ = 1.0049880540473621
2020-10-14 14:22:23,906 Going from state [2, 0, 2] to state [2, 0, 2], action = no warning, rewards = 0
2020-10-14 14:22:23,906 Δ = 0.40199522161894485
2020-10-14 14:22:26,194 Going from state [2, 0, 2] to state [2, 0, 2], action = no warning, rewards = 0
2020-10-14 14:22:26,195 Δ = 0.16079808864757794
2020-10-14 14:22:28,482 Going from state [2, 0, 2] to state [3, 0, 2], action = no warning, rewards = -10
2020-10-14 14:22:28,483 Δ = -12.269226452119486
2020-10-14 14:22:30,770 Going from state [3, 0, 2] to state [3, 0, 2], action = no warning, rewards = 0
2020-10-14 14:22:30,771 Δ = 1.5833864218946287
2020-10-14 14:22:33,017 Going from state [3, 0, 2] to state [3, 0, 2], action = no warning, rewards = 0
2020-10-14 14:22:33,018 Δ = 1.3933800512672732
2020-10-14 14:22:35,318 Going from state [3, 0, 2] to state [3, 0, 2], action = no warning, rewards = -20
2020-10-14 14:22:35,318 Δ = -10.773825554884798
2020-10-14 14:22:37,605 Going from state [3, 0, 2] to state [4, 0, 2], action = no warning, rewards = -10
2020-10-14 14:22:37,606 Δ = 11.692212267664074
2020-10-14 14:22:39,893 Going from state [4, 0, 2] to state [4, 0, 2], action = no warning, rewards = -20
2020-10-14 14:22:39,894 Δ = -13.274261177289299
2020-10-14 14:22:42,181 Going from state [4, 0, 2] to state [4, 0, 2], action = warning, rewards = -15
2020-10-14 14:22:42,181 Δ = 2.552533111426057
2020-10-14 14:22:42,638 Going from state [4, 0, 2] to state [0, 0, 2], action = no warning, rewards = 10
2020-10-14 14:22:42,639 Δ = 7.593250819927091
2020-10-14 14:22:44,926 Going from state [0, 0, 2] to state [0, 0, 2], action = no warning, rewards = -20
2020-10-14 14:22:44,927 Δ = 1.7171840538256788
2020-10-14 14:22:47,213 Going from state [0, 0, 2] to state [1, 0, 2], action = no warning, rewards = -30
2020-10-14 14:22:47,215 Δ = -5.313126378469729
2020-10-14 14:22:49,472 Going from state [1, 0, 2] to state [1, 0, 2], action = no warning, rewards = 0
2020-10-14 14:22:49,473 Δ = 14.326992103801402
2020-10-14 14:22:51,678 Going from state [1, 0, 2] to state [1, 0, 2], action = no warning, rewards = 0
2020-10-14 14:22:51,679 Δ = 5.730796841520561
2020-10-14 14:22:53,934 Going from state [1, 0, 2] to state [1, 0, 2], action = no warning, rewards = 0
2020-10-14 14:22:53,934 Δ = 2.2923187366082245
2020-10-14 14:22:56,193 Going from state [1, 0, 2] to state [1, 0, 2], action = no warning, rewards = -20
2020-10-14 14:22:56,193 Δ = -11.083072505356709
2020-10-14 14:22:58,480 Going from state [1, 0, 2] to state [1, 0, 2], action = no warning, rewards = -20
2020-10-14 14:22:58,481 Δ = -4.433229002142684
2020-10-14 14:23:00,739 Going from state [1, 0, 2] to state [1, 0, 2], action = no warning, rewards = 0
2020-10-14 14:23:00,740 Δ = 10.226708399142925
2020-10-14 14:23:03,027 Going from state [1, 0, 2] to state [1, 0, 2], action = no warning, rewards = 0
2020-10-14 14:23:03,027 Δ = 4.09068335965717
2020-10-14 14:23:05,257 Going from state [1, 0, 2] to state [1, 0, 2], action = no warning, rewards = 0
2020-10-14 14:23:05,257 Δ = 1.636273343862868
2020-10-14 14:23:07,516 Going from state [1, 0, 2] to state [2, 0, 2], action = no warning, rewards = -10
2020-10-14 14:23:07,517 Δ = -5.345490662454853
2020-10-14 14:23:09,747 Going from state [2, 0, 2] to state [2, 0, 2], action = no warning, rewards = 0
2020-10-14 14:23:09,747 Δ = 7.425855106730722
2020-10-14 14:23:12,035 Going from state [2, 0, 2] to state [2, 0, 2], action = no warning, rewards = -20
2020-10-14 14:23:12,036 Δ = -9.02965795730771
2020-10-14 14:23:14,266 Going from state [2, 0, 2] to state [2, 0, 2], action = no warning, rewards = -20
2020-10-14 14:23:14,267 Δ = -3.611863182923084
2020-10-14 14:23:16,524 Going from state [2, 0, 2] to state [2, 0, 2], action = no warning, rewards = 0
2020-10-14 14:23:16,525 Δ = 10.555254726830766
2020-10-14 14:23:18,784 Going from state [2, 0, 2] to state [3, 0, 2], action = no warning, rewards = -10
2020-10-14 14:23:18,784 Δ = -6.241770267594445
2020-10-14 14:23:21,071 Going from state [3, 0, 2] to state [3, 0, 2], action = no warning, rewards = -20
2020-10-14 14:23:21,072 Δ = -10.884031960418312
2020-10-14 14:23:42,037 Going from state [3, 0, 2] to state [4, 0, 2], action = no warning, rewards = -10
2020-10-14 14:23:42,039 Δ = 8.480419111782757
2020-10-14 14:23:44,285 Going from state [4, 0, 2] to state [4, 0, 2], action = no warning, rewards = 0
2020-10-14 14:23:44,285 Δ = -0.5925399344058327
2020-10-14 14:23:46,557 Going from state [4, 0, 2] to state [4, 0, 2], action = no warning, rewards = -20
2020-10-14 14:23:46,557 Δ = -12.521435142277133
2020-10-14 14:23:48,845 Going from state [4, 0, 2] to state [5, 0, 2], action = no warning, rewards = -10
2020-10-14 14:23:48,845 Δ = 10.659709936773615
2020-10-14 14:23:51,133 Going from state [5, 0, 2] to state [5, 0, 2], action = no warning, rewards = 0
2020-10-14 14:23:51,133 Δ = -2.938506140698248
2020-10-14 14:23:53,364 Going from state [5, 0, 2] to state [5, 0, 2], action = no warning, rewards = 0
2020-10-14 14:23:53,364 Δ = -2.58588540381446
2020-10-14 14:23:55,623 Going from state [5, 0, 2] to state [6, 0, 2], action = no warning, rewards = -30
2020-10-14 14:23:55,624 Δ = 0.9625367412081651
2020-10-14 14:23:57,911 Going from state [6, 0, 2] to state [6, 0, 2], action = warning, rewards = -15
2020-10-14 14:23:57,912 Δ = -16.585108129497943
2020-10-14 14:24:00,199 Going from state [6, 0, 2] to state [7, 0, 2], action = warning, rewards = 35
2020-10-14 14:24:00,200 Δ = 6.293993267893247
2020-10-14 14:24:02,487 Going from state [7, 0, 2] to state [8, 0, 2], action = warning, rewards = -5
2020-10-14 14:24:02,488 Δ = -7.5234843425165705
2020-10-14 14:24:04,746 Going from state [8, 0, 2] to state [8, 0, 2], action = warning, rewards = 5
2020-10-14 14:24:04,747 Δ = -0.01552548864717238
2020-10-14 14:24:07,035 Going from state [8, 0, 2] to state [8, 0, 2], action = warning, rewards = 5
2020-10-14 14:24:07,036 Δ = -0.013662430009511438
2020-10-14 14:24:09,322 Going from state [8, 0, 2] to state [8, 0, 2], action = warning, rewards = 5
2020-10-14 14:24:09,323 Δ = -0.01202293840837143
2020-10-14 14:24:11,553 Going from state [8, 0, 2] to state [8, 0, 2], action = warning, rewards = 5
2020-10-14 14:24:11,553 Δ = -0.010580185799366858
2020-10-14 14:24:13,811 Going from state [8, 0, 2] to state [7, 0, 2], action = warning, rewards = 15
2020-10-14 14:24:13,812 Δ = 3.610643735759042
2020-10-14 14:24:16,074 Going from state [7, 0, 2] to state [7, 0, 2], action = warning, rewards = 5
2020-10-14 14:24:16,075 Δ = 0.5857008616809353
2020-10-14 14:24:18,272 Going from state [7, 0, 2] to state [6, 0, 2], action = warning, rewards = 45
2020-10-14 14:24:18,273 Δ = 39.977781175817654
2020-10-14 14:24:20,560 Going from state [6, 0, 2] to state [6, 0, 2], action = warning, rewards = -15
2020-10-14 14:24:20,561 Δ = -15.350174346105383
2020-10-14 14:24:22,848 Going from state [6, 0, 2] to state [5, 0, 2], action = warning, rewards = 15
2020-10-14 14:24:22,848 Δ = -3.9764328656568706
2020-10-14 14:24:23,420 Going from state [5, 0, 2] to state [0, 0, 2], action = no warning, rewards = 40
2020-10-14 14:24:23,421 Δ = 12.044582178491478
2020-10-14 14:24:25,679 Going from state [0, 0, 2] to state [3, 0, 2], action = no warning, rewards = -30
2020-10-14 14:24:25,680 Δ = -7.742856877059711
2020-10-14 14:24:27,938 Going from state [3, 0, 2] to state [3, 0, 2], action = no warning, rewards = 0
2020-10-14 14:24:27,939 Δ = 1.4044015814179538
2020-10-14 14:24:30,226 Going from state [3, 0, 2] to state [3, 0, 2], action = no warning, rewards = 0
2020-10-14 14:24:30,227 Δ = 1.2358733916478002
2020-10-14 14:24:32,487 Going from state [3, 0, 2] to state [3, 0, 2], action = no warning, rewards = 0
2020-10-14 14:24:32,488 Δ = 1.0875685846500638
2020-10-14 14:24:34,775 Going from state [3, 0, 2] to state [3, 0, 2], action = no warning, rewards = 0
2020-10-14 14:24:34,775 Δ = 0.9570603544920562
2020-10-14 14:24:37,034 Going from state [3, 0, 2] to state [3, 0, 2], action = no warning, rewards = 0
2020-10-14 14:24:37,035 Δ = 0.8422131119530094
2020-10-14 14:24:39,294 Going from state [3, 0, 2] to state [3, 0, 2], action = no warning, rewards = 0
2020-10-14 14:24:39,295 Δ = 0.7411475385186482
2020-10-14 14:24:41,582 Going from state [3, 0, 2] to state [3, 0, 2], action = no warning, rewards = -20
2020-10-14 14:24:41,582 Δ = -11.34779016610359
2020-10-14 14:24:43,869 Going from state [3, 0, 2] to state [3, 0, 2], action = no warning, rewards = -20
2020-10-14 14:24:43,870 Δ = -9.98605534617116
2020-10-14 14:24:46,158 Going from state [3, 0, 2] to state [3, 0, 2], action = no warning, rewards = 0
2020-10-14 14:24:46,159 Δ = 3.212271295369379
2020-10-14 14:24:48,446 Going from state [3, 0, 2] to state [4, 0, 2], action = no warning, rewards = -10
2020-10-14 14:24:48,446 Δ = 9.326106170092118
2020-10-14 14:24:50,734 Going from state [4, 0, 2] to state [4, 0, 2], action = no warning, rewards = -20
2020-10-14 14:24:50,734 Δ = -12.298028117616711
2020-10-14 14:24:52,904 Going from state [4, 0, 2] to state [4, 0, 2], action = no warning, rewards = 0
2020-10-14 14:24:52,905 Δ = 1.1777352564972943
2020-10-14 14:24:55,045 Going from state [4, 0, 2] to state [4, 0, 2], action = no warning, rewards = 0
2020-10-14 14:24:55,047 Δ = 1.0364070257176192
2020-10-14 14:24:57,174 Going from state [4, 0, 2] to state [4, 0, 2], action = no warning, rewards = -20
2020-10-14 14:24:57,175 Δ = -11.087961817368495
2020-10-14 14:24:59,308 Going from state [4, 0, 2] to state [4, 0, 2], action = no warning, rewards = 0
2020-10-14 14:24:59,309 Δ = 2.2425936007157246
2020-10-14 14:25:01,452 Going from state [4, 0, 2] to state [4, 0, 2], action = no warning, rewards = 0
2020-10-14 14:25:01,453 Δ = 1.9734823686298375
2020-10-14 14:25:03,586 Going from state [4, 0, 2] to state [4, 0, 2], action = no warning, rewards = -20
2020-10-14 14:25:03,587 Δ = -10.263335515605743
2020-10-14 14:25:05,734 Going from state [4, 0, 2] to state [4, 0, 2], action = warning, rewards = -15
2020-10-14 14:25:05,735 Δ = -6.740877219897581
2020-10-14 14:25:06,162 Going from state [4, 0, 2] to state [0, 0, 2], action = no warning, rewards = 30
2020-10-14 14:25:06,164 Δ = 32.84132373133473
2020-10-14 14:25:08,408 Going from state [0, 0, 2] to state [0, 0, 2], action = no warning, rewards = 0
2020-10-14 14:25:08,409 Δ = 20.520463574847934
2020-10-14 14:25:10,569 Going from state [0, 0, 2] to state [0, 0, 2], action = no warning, rewards = 0
2020-10-14 14:25:10,569 Δ = 8.208185429939173
2020-10-14 14:25:12,719 Going from state [0, 0, 2] to state [0, 0, 2], action = no warning, rewards = 0
2020-10-14 14:25:12,720 Δ = 3.2832741719756693
2020-10-14 14:25:14,924 Going from state [0, 0, 2] to state [0, 0, 2], action = no warning, rewards = 0
2020-10-14 14:25:14,924 Δ = 1.3133096687902677
2020-10-14 14:25:17,069 Going from state [0, 0, 2] to state [0, 0, 2], action = no warning, rewards = 0
2020-10-14 14:25:17,070 Δ = 0.5253238675161072
2020-10-14 14:25:19,203 Going from state [0, 0, 2] to state [0, 0, 2], action = no warning, rewards = 0
2020-10-14 14:25:19,204 Δ = 0.2101295470064429
2020-10-14 14:25:21,352 Going from state [0, 0, 2] to state [0, 0, 2], action = no warning, rewards = -20
2020-10-14 14:25:21,353 Δ = -11.915948181197423
2020-10-14 14:25:23,525 Going from state [0, 0, 2] to state [1, 0, 2], action = no warning, rewards = -30
2020-10-14 14:25:23,525 Δ = -10.766379272478968
2020-10-14 14:25:25,676 Going from state [1, 0, 2] to state [1, 0, 2], action = no warning, rewards = -20
2020-10-14 14:25:25,677 Δ = -8.138196264981941
2020-10-14 14:25:27,827 Going from state [1, 0, 2] to state [1, 0, 2], action = no warning, rewards = 0
2020-10-14 14:25:27,828 Δ = 8.744721494007223
2020-10-14 14:25:29,981 Going from state [1, 0, 2] to state [1, 0, 2], action = no warning, rewards = 0
2020-10-14 14:25:29,981 Δ = 3.497888597602889
2020-10-14 14:25:32,135 Going from state [1, 0, 2] to state [1, 0, 2], action = no warning, rewards = -20
2020-10-14 14:25:32,136 Δ = -10.600844560958842
2020-10-14 14:25:34,293 Going from state [1, 0, 2] to state [1, 0, 2], action = no warning, rewards = 0
2020-10-14 14:25:34,294 Δ = 7.7596621756164605
2020-10-14 14:25:36,465 Going from state [1, 0, 2] to state [1, 0, 2], action = no warning, rewards = 0
2020-10-14 14:25:36,465 Δ = 3.1038648702465843
2020-10-14 14:25:38,612 Going from state [1, 0, 2] to state [1, 0, 2], action = no warning, rewards = 0
2020-10-14 14:25:38,613 Δ = 1.241545948098634
2020-10-14 14:25:40,768 Going from state [1, 0, 2] to state [1, 0, 2], action = no warning, rewards = -20
2020-10-14 14:25:40,770 Δ = -11.503381620760544
2020-10-14 14:25:42,944 Going from state [1, 0, 2] to state [1, 0, 2], action = no warning, rewards = 0
2020-10-14 14:25:42,945 Δ = 7.39864735169578
2020-10-14 14:25:45,099 Going from state [1, 0, 2] to state [1, 0, 2], action = no warning, rewards = 0
2020-10-14 14:25:45,100 Δ = 2.9594589406783123
2020-10-14 14:25:47,247 Going from state [1, 0, 2] to state [1, 0, 2], action = no warning, rewards = -20
2020-10-14 14:25:47,247 Δ = -10.816216423728674
2020-10-14 14:25:49,398 Going from state [1, 0, 2] to state [1, 0, 2], action = no warning, rewards = 0
2020-10-14 14:25:49,398 Δ = 7.673513430508529
2020-10-14 14:25:51,575 Going from state [1, 0, 2] to state [1, 0, 2], action = no warning, rewards = 0
2020-10-14 14:25:51,575 Δ = 3.069405372203412
2020-10-14 14:25:53,711 Going from state [1, 0, 2] to state [1, 0, 2], action = no warning, rewards = 0
2020-10-14 14:25:53,712 Δ = 1.2277621488813646
2020-10-14 14:25:55,878 Going from state [1, 0, 2] to state [1, 0, 2], action = no warning, rewards = 0
2020-10-14 14:25:55,879 Δ = 0.49110485955254596
2020-10-14 14:25:58,034 Going from state [1, 0, 2] to state [1, 0, 2], action = no warning, rewards = 0
2020-10-14 14:25:58,035 Δ = 0.1964419438210184
2020-10-14 14:26:00,168 Going from state [1, 0, 2] to state [1, 0, 2], action = no warning, rewards = 0
2020-10-14 14:26:00,168 Δ = 0.07857677752840735
2020-10-14 14:26:02,310 Going from state [1, 0, 2] to state [1, 0, 2], action = no warning, rewards = 0
2020-10-14 14:26:02,310 Δ = 0.031430711011362945
2020-10-14 14:26:04,547 Going from state [1, 0, 2] to state [1, 0, 2], action = no warning, rewards = 0
2020-10-14 14:26:04,548 Δ = 0.01257228440454518
2020-10-14 14:26:06,694 Going from state [1, 0, 2] to state [1, 0, 2], action = no warning, rewards = 0
2020-10-14 14:26:06,695 Δ = 0.005028913761818072
2020-10-14 14:26:08,902 Going from state [1, 0, 2] to state [2, 0, 2], action = no warning, rewards = -10
2020-10-14 14:26:08,903 Δ = -5.997988434495273
2020-10-14 14:26:11,075 Going from state [2, 0, 2] to state [2, 0, 2], action = no warning, rewards = 0
2020-10-14 14:26:11,076 Δ = 7.9671640512889725
2020-10-14 14:26:13,227 Going from state [2, 0, 2] to state [2, 0, 2], action = no warning, rewards = 0
2020-10-14 14:26:13,228 Δ = 3.1868656205155896
2020-10-14 14:26:15,349 Going from state [2, 0, 2] to state [2, 0, 2], action = no warning, rewards = 0
2020-10-14 14:26:15,350 Δ = 1.2747462482062357
2020-10-14 14:26:17,501 Going from state [2, 0, 2] to state [2, 0, 2], action = no warning, rewards = -20
2020-10-14 14:26:17,502 Δ = -11.490101500717504
2020-10-14 14:26:19,656 Going from state [2, 0, 2] to state [2, 0, 2], action = no warning, rewards = 0
2020-10-14 14:26:19,657 Δ = 7.403959399712996
2020-10-14 14:26:21,809 Going from state [2, 0, 2] to state [2, 0, 2], action = no warning, rewards = 0
2020-10-14 14:26:21,810 Δ = 2.961583759885199
2020-10-14 14:26:23,937 Going from state [2, 0, 2] to state [2, 0, 2], action = no warning, rewards = -20
2020-10-14 14:26:23,938 Δ = -10.81536649604592
2020-10-14 14:26:26,089 Going from state [2, 0, 2] to state [2, 0, 2], action = no warning, rewards = 0
2020-10-14 14:26:26,090 Δ = 7.673853401581631
2020-10-14 14:26:28,222 Going from state [2, 0, 2] to state [2, 0, 2], action = no warning, rewards = -20
2020-10-14 14:26:28,223 Δ = -8.930458639367346
2020-10-14 14:26:30,362 Going from state [2, 0, 2] to state [2, 0, 2], action = no warning, rewards = 0
2020-10-14 14:26:30,362 Δ = 8.42781654425306
2020-10-14 14:26:32,473 Going from state [2, 0, 2] to state [3, 0, 2], action = no warning, rewards = -30
2020-10-14 14:26:32,474 Δ = -21.45953738035478
2020-10-14 14:26:34,615 Going from state [3, 0, 2] to state [3, 0, 2], action = no warning, rewards = -20
2020-10-14 14:26:34,616 Δ = -10.292334000486001
2020-10-14 14:26:36,725 Going from state [3, 0, 2] to state [3, 0, 2], action = no warning, rewards = 0
2020-10-14 14:26:36,726 Δ = 2.942746079572319
2020-10-14 14:26:38,953 Going from state [3, 0, 2] to state [3, 0, 2], action = no warning, rewards = 0
2020-10-14 14:26:38,954 Δ = 2.589616550023642
2020-10-14 14:26:41,178 Going from state [3, 0, 2] to state [3, 0, 2], action = no warning, rewards = 0
2020-10-14 14:26:41,178 Δ = 2.2788625640208044
2020-10-14 14:26:43,375 Going from state [3, 0, 2] to state [3, 0, 2], action = no warning, rewards = 0
2020-10-14 14:26:43,376 Δ = 2.005399056338309
2020-10-14 14:26:45,578 Going from state [3, 0, 2] to state [3, 0, 2], action = no warning, rewards = 0
2020-10-14 14:26:45,578 Δ = 1.7647511695777116
2020-10-14 14:26:47,763 Going from state [3, 0, 2] to state [3, 0, 2], action = no warning, rewards = -20
2020-10-14 14:26:47,763 Δ = -10.447018970771612
2020-10-14 14:26:49,947 Going from state [3, 0, 2] to state [4, 0, 2], action = no warning, rewards = -30
2020-10-14 14:26:49,947 Δ = -0.07610706542221236
2020-10-14 14:26:52,131 Going from state [4, 0, 2] to state [4, 0, 2], action = no warning, rewards = 0
2020-10-14 14:26:52,131 Δ = -0.9726941014932213
2020-10-14 14:26:54,315 Going from state [4, 0, 2] to state [4, 0, 2], action = no warning, rewards = 0
2020-10-14 14:26:54,316 Δ = -0.8559708093140351
2020-10-14 14:26:56,499 Going from state [4, 0, 2] to state [4, 0, 2], action = no warning, rewards = 0
2020-10-14 14:26:56,500 Δ = -0.7532543121963506
2020-10-14 14:26:58,684 Going from state [4, 0, 2] to state [4, 0, 2], action = no warning, rewards = 0
2020-10-14 14:26:58,685 Δ = -0.6628637947327887
2020-10-14 14:27:00,868 Going from state [4, 0, 2] to state [4, 0, 2], action = warning, rewards = -15
2020-10-14 14:27:00,869 Δ = 8.67342078991006
2020-10-14 14:27:01,633 Going from state [4, 0, 2] to state [0, 0, 2], action = no warning, rewards = 30
2020-10-14 14:27:01,634 Δ = 15.083399303175728
2020-10-14 14:27:03,817 Going from state [0, 0, 2] to state [0, 0, 2], action = no warning, rewards = 0
2020-10-14 14:27:03,818 Δ = 13.693448291008412
2020-10-14 14:27:06,002 Going from state [0, 0, 2] to state [0, 0, 2], action = no warning, rewards = -20
2020-10-14 14:27:06,003 Δ = -6.522620683596635
2020-10-14 14:27:08,186 Going from state [0, 0, 2] to state [0, 0, 2], action = no warning, rewards = 0
2020-10-14 14:27:08,187 Δ = 9.390951726561346
2020-10-14 14:27:10,371 Going from state [0, 0, 2] to state [0, 0, 2], action = no warning, rewards = 0
2020-10-14 14:27:10,372 Δ = 3.7563806906245385
2020-10-14 14:27:12,555 Going from state [0, 0, 2] to state [0, 0, 2], action = no warning, rewards = -20
2020-10-14 14:27:12,556 Δ = -10.497447723750183
2020-10-14 14:27:14,740 Going from state [0, 0, 2] to state [1, 0, 2], action = no warning, rewards = -10
2020-10-14 14:27:14,741 Δ = 1.8010209104999246
2020-10-14 14:27:42,943 Going from state [2, 0, 2] to state [2, 0, 2], action = no warning, rewards = 0
2020-10-14 14:27:42,944 Δ = 16.246849045914093
2020-10-14 14:27:45,094 Going from state [2, 0, 2] to state [2, 0, 2], action = no warning, rewards = 0
2020-10-14 14:27:45,094 Δ = 6.4987396183656365
2020-10-14 14:27:47,271 Going from state [2, 0, 2] to state [2, 0, 2], action = no warning, rewards = 0
2020-10-14 14:27:47,272 Δ = 2.5994958473462546
