2020-08-17 18:34:14,602 WARNING! Approaching lane.
2020-08-17 18:34:14,610 Brake: 0.0
2020-08-17 18:34:14,616 Steering: 0.00045441859401762486
2020-08-17 18:34:14,624 Throttle: 0.4230831265449524
2020-08-17 18:34:14,629 Warning issued 1 time(s)

2020-08-17 18:34:16,100 Response time elapsed (s): 1.4591162204742432

2020-08-17 18:34:29,330 WARNING! Approaching lane.
2020-08-17 18:34:29,337 Brake: 0.0
2020-08-17 18:34:29,342 Steering: 0.001212292816489935
2020-08-17 18:34:29,350 Throttle: 0.37335312366485596
2020-08-17 18:34:29,356 Warning issued 2 time(s)

2020-08-17 18:34:29,379 Warning active and fast!
2020-08-17 18:34:29,655 Warning active and fast!
2020-08-17 18:34:31,133 Response time elapsed (s): 1.7659869194030762

2020-08-17 18:34:34,145 WARNING! Approaching lane.
2020-08-17 18:34:34,152 Brake: 0.0
2020-08-17 18:34:34,158 Steering: 0.0016155354678630829
2020-08-17 18:34:34,163 Throttle: 0.43343088030815125
2020-08-17 18:34:34,169 Warning issued 3 time(s)

2020-08-17 18:34:35,644 Warning active and fast!
2020-08-17 18:34:37,143 Warning active and fast!
2020-08-17 18:34:38,638 Response time elapsed (s): 4.4549620151519775

2020-08-17 18:34:41,648 WARNING! Approaching lane.
2020-08-17 18:34:41,654 Brake: 0.0
2020-08-17 18:34:41,660 Steering: 0.0018675907049328089
2020-08-17 18:34:41,666 Throttle: 0.38552215695381165
2020-08-17 18:34:41,673 Warning issued 4 time(s)

2020-08-17 18:34:43,602 Warning active and fast!
2020-08-17 18:34:45,090 Warning active and fast!
2020-08-17 18:34:46,601 Warning active and fast!
2020-08-17 18:34:48,100 Warning active and fast!
2020-08-17 18:34:49,605 Response time elapsed (s): 7.921286106109619

2020-08-17 18:34:51,095 WARNING! Approaching lane.
2020-08-17 18:34:51,095 Brake: 0.0
2020-08-17 18:34:51,096 Steering: 0.0017726902151480317
2020-08-17 18:34:51,096 Throttle: 0.41268855333328247
2020-08-17 18:34:51,096 Warning issued 5 time(s)

2020-08-17 18:34:52,600 Response time elapsed (s): 1.4990036487579346

2020-08-17 18:35:01,603 WARNING! Approaching lane.
2020-08-17 18:35:01,609 Brake: 0.0
2020-08-17 18:35:01,611 Steering: -8.021840039873496e-05
2020-08-17 18:35:01,611 Throttle: 0.3710061311721802
2020-08-17 18:35:01,611 Warning issued 6 time(s)

